  Block.cpp
  Button.cpp
  GameOverSystem.cpp
  GameStart.cpp
  GameSystem.cpp
  InputSystem.cpp
F:\TETRIS_VS\TETRIS_VS\TETRIS_VS\InputSystem.cpp(14,1): warning C4996: 'kbhit': The POSIX name for this item is deprecated. Instead, use the ISO C and C++ conformant name: _kbhit. See online help for details.
C:\Program Files (x86)\Windows Kits\10\Include\10.0.18362.0\ucrt\conio.h(459): message : 'kbhit' 선언을 참조하십시오.
F:\TETRIS_VS\TETRIS_VS\TETRIS_VS\InputSystem.cpp(16,1): warning C4996: 'getch': The POSIX name for this item is deprecated. Instead, use the ISO C and C++ conformant name: _getch. See online help for details.
C:\Program Files (x86)\Windows Kits\10\Include\10.0.18362.0\ucrt\conio.h(453): message : 'getch' 선언을 참조하십시오.
F:\TETRIS_VS\TETRIS_VS\TETRIS_VS\InputSystem.cpp(20,1): warning C4996: 'getch': The POSIX name for this item is deprecated. Instead, use the ISO C and C++ conformant name: _getch. See online help for details.
C:\Program Files (x86)\Windows Kits\10\Include\10.0.18362.0\ucrt\conio.h(453): message : 'getch' 선언을 참조하십시오.
  LobbySystem.cpp
  Map.cpp
  MenuSystem.cpp
  MenuList.cpp
  PacketManager.cpp
  ResourceManager.cpp
  Selector.cpp
  SinglePlaySystem.cpp
  SocketManager.cpp
F:\TETRIS_VS\TETRIS_VS\TETRIS_VS\SocketManager.cpp(22,1): warning C4996: 'inet_addr': Use inet_pton() or InetPton() instead or define _WINSOCK_DEPRECATED_NO_WARNINGS to disable deprecated API warnings
C:\Program Files (x86)\Windows Kits\10\Include\10.0.18362.0\um\WinSock2.h(1831): message : 'inet_addr' 선언을 참조하십시오.
  SoundSystem.cpp
  SystemFrame.cpp
  Title.cpp
F:\TETRIS_VS\TETRIS_VS\TETRIS_VS\Title.cpp(24,26): warning C4244: '=': 'ULONGLONG'에서 'unsigned int'(으)로 변환하면서 데이터가 손실될 수 있습니다.
  코드를 생성하고 있습니다...
  TETRIS_VS.vcxproj -> F:\TETRIS_VS\TETRIS_VS\Debug\TETRIS_VS.exe
